2022-03-22 13:57:25,341:AnonymusFacade:login:3484:9816:INFO:--Sucsses-- the password is match for user "turkish"
2022-03-22 13:57:25,345:AnonymusFacade:login:3484:9816:INFO:--Sucsses-- the user "turkish" transferred to Airline Facade  
2022-03-22 13:57:25,558:AirLineFacade:get_my_flights:3484:9816:DEBUG:get flight by airline, for airline company id  2 is about to happen
2022-03-22 13:57:25,561:AirLineFacade:get_my_flights:3484:9816:INFO:--SUCCESS--  get flights by airline company Turkish AirLine  id  2 is finish Successfully
2022-03-22 13:57:28,760:AirLineFacade:update_airline:3484:9816:DEBUG:update airline is about to happen
2022-03-22 13:57:31,942:AirLineFacade:update_airline:3484:9816:DEBUG:update airline is about to happen
2022-03-22 13:57:31,944:AirLineFacade:update_airline:3484:9816:ERROR:--FAILED--  update by  airline id  2 failed because  airline company  name  Deltais alredy exists.
2022-03-22 13:57:35,146:AirLineFacade:add_flight:3484:9816:DEBUG:add new flight for airline company Turkish AirLine id 2 is about to happen
2022-03-22 13:57:38,320:AirLineFacade:add_flight:3484:9816:DEBUG:add new flight for airline company Turkish AirLine id 2 is about to happen
2022-03-22 13:57:38,322:AirLineFacade:add_flight:3484:9816:ERROR:--FAILED--  update by  flight id  None failed because  the origin country 3 did not exist in our country DB
2022-03-22 13:57:41,551:AirLineFacade:add_flight:3484:9816:DEBUG:add new flight for airline company Turkish AirLine id 2 is about to happen
2022-03-22 13:57:41,554:AirLineFacade:add_flight:3484:9816:ERROR:--FAILED--  update by  flight id  None failed because  the destination country 4 did not exist in our country DB
2022-03-22 13:57:44,756:AirLineFacade:add_flight:3484:9816:DEBUG:add new flight for airline company Turkish AirLine id 2 is about to happen
2022-03-22 13:57:44,758:AirLineFacade:add_flight:3484:9816:ERROR:--FAILED--  update by  flight id  None failed because  this destination country id  2and origin country id cant be the same
2022-03-22 13:57:47,945:AirLineFacade:add_flight:3484:9816:DEBUG:add new flight for airline company Turkish AirLine id 2 is about to happen
2022-03-22 13:57:47,948:AirLineFacade:add_flight:3484:9816:ERROR:--FAILED--  update by  flight id  2 failed because  flight cant landing before departure.  departure time: 2022-03-30 21:00:00 ,landing time: 2022-03-28 16:00:00
2022-03-22 13:57:57,527:AirLineFacade:update_flight:3484:9816:DEBUG:update flight number None is about to happen
2022-03-22 13:57:57,529:AirLineFacade:update_flight:3484:9816:ERROR:--FAILED--  we cant find flight number  None 
2022-03-22 13:58:00,709:AirLineFacade:update_flight:3484:9816:DEBUG:update flight number None is about to happen
2022-03-22 13:58:00,711:AirLineFacade:update_flight:3484:9816:ERROR:--FAILED--  we cant find flight number  None 
2022-03-22 13:58:03,884:AirLineFacade:update_flight:3484:9816:DEBUG:update flight number None is about to happen
2022-03-22 13:58:03,886:AirLineFacade:update_flight:3484:9816:ERROR:--FAILED--  we cant find flight number  None 
2022-03-22 13:58:07,087:AirLineFacade:update_flight:3484:9816:DEBUG:update flight number 2 is about to happen
2022-03-22 13:58:07,091:AirLineFacade:update_flight:3484:9816:ERROR:--FAILED--  update by  flight id  2 failed because  flight cant landing before departure.  departure time: 2022-03-30 21:00:00 ,landing time: 2022-03-28 16:00:00
2022-03-22 13:58:10,288:AirLineFacade:update_flight:3484:9816:DEBUG:update flight number None is about to happen
2022-03-22 13:58:10,290:AirLineFacade:update_flight:3484:9816:ERROR:--FAILED--  we cant find flight number  None 
2022-03-22 13:58:13,451:AirLineFacade:remove_flight:3484:9816:DEBUG:remove flight is about to happen
2022-03-22 13:58:13,452:AirLineFacade:remove_flight:3484:9816:ERROR:--FAILED--    we cant find  flight number 4
2022-03-22 13:58:16,657:AirLineFacade:remove_flight:3484:9816:DEBUG:remove flight is about to happen
2022-03-22 13:58:16,661:AirLineFacade:remove_flight:3484:9816:INFO:--Sucsses--  flight  id 2 is removed
